<?xml version="1.0" encoding="UTF-8"?>
<coverage generated="1721479923775" clover="3.2.0">
  <project timestamp="1721479923775" name="All files">
    <metrics statements="18" coveredstatements="13" conditionals="2" coveredconditionals="1" methods="10" coveredmethods="7" elements="30" coveredelements="21" complexity="0" loc="18" ncloc="18" packages="2" files="3" classes="3"/>
    <package name="nodejs-testes-unitarios-integracao">
      <metrics statements="2" coveredstatements="2" conditionals="0" coveredconditionals="0" methods="2" coveredmethods="2"/>
      <file name="index.js" path="C:\dev\repositorio\alura\programacao\node\nodejs-testes-unitarios-integracao\index.js">
        <metrics statements="2" coveredstatements="2" conditionals="0" coveredconditionals="0" methods="2" coveredmethods="2"/>
        <line num="1" count="1" type="stmt"/>
        <line num="3" count="1" type="stmt"/>
      </file>
    </package>
    <package name="nodejs-testes-unitarios-integracao.carrinho">
      <metrics statements="16" coveredstatements="11" conditionals="2" coveredconditionals="1" methods="8" coveredmethods="5"/>
      <file name="carrinho.js" path="C:\dev\repositorio\alura\programacao\node\nodejs-testes-unitarios-integracao\carrinho\carrinho.js">
        <metrics statements="12" coveredstatements="7" conditionals="2" coveredconditionals="1" methods="6" coveredmethods="3"/>
        <line num="3" count="4" type="stmt"/>
        <line num="4" count="4" type="stmt"/>
        <line num="5" count="4" type="stmt"/>
        <line num="6" count="4" type="stmt"/>
        <line num="10" count="2" type="stmt"/>
        <line num="14" count="0" type="stmt"/>
        <line num="18" count="0" type="stmt"/>
        <line num="19" count="0" type="stmt"/>
        <line num="23" count="1" type="cond" truecount="1" falsecount="1"/>
        <line num="24" count="1" type="stmt"/>
        <line num="27" count="0" type="stmt"/>
        <line num="29" count="0" type="stmt"/>
      </file>
      <file name="item.js" path="C:\dev\repositorio\alura\programacao\node\nodejs-testes-unitarios-integracao\carrinho\item.js">
        <metrics statements="4" coveredstatements="4" conditionals="0" coveredconditionals="0" methods="2" coveredmethods="2"/>
        <line num="3" count="4" type="stmt"/>
        <line num="4" count="4" type="stmt"/>
        <line num="5" count="4" type="stmt"/>
        <line num="9" count="1" type="stmt"/>
      </file>
    </package>
  </project>
</coverage>
